<?xml version="1.0" encoding="UTF-8"?>
<!-- Generated by org.testng.reporters.JUnitReportReporter -->
<testsuite hostname="LAPTOP-8BDQGNTS" failures="0" tests="1" name="TestCases.CreatePortfolioTest" time="13.303" errors="0" timestamp="2024-04-11T22:04:02 SGT" skipped="0">
  <testcase classname="TestCases.CreatePortfolioTest" name="createPortfolioTest" time="13.303"/>
  <system-out/>
</testsuite> <!-- TestCases.CreatePortfolioTest -->
