<?xml version="1.0" encoding="UTF-8"?>
<!-- Generated by org.testng.reporters.JUnitReportReporter -->
<testsuite hostname="LAPTOP-8BDQGNTS" failures="0" tests="8" name="rediff.testcases.StockManagement" time="44.685" errors="0" timestamp="2024-06-09T16:56:19 SGT" skipped="0">
  <testcase classname="rediff.testcases.StockManagement" name="VerifyStockQuantity" time="0.148"/>
  <system-out/>
  <testcase classname="rediff.testcases.StockManagement" name="VerifyStockQuantity" time="0.125"/>
  <system-out/>
  <testcase classname="rediff.testcases.StockManagement" name="VerifyStockPresent" time="0.173"/>
  <system-out/>
  <testcase classname="rediff.testcases.StockManagement" name="verifyTransactionHistory" time="0.700"/>
  <system-out/>
  <testcase classname="rediff.testcases.StockManagement" name="modifyStock" time="21.233"/>
  <system-out/>
  <testcase classname="rediff.testcases.StockManagement" name="VerifyStockPresent" time="0.108"/>
  <system-out/>
  <testcase classname="rediff.testcases.StockManagement" name="verifyTransactionHistory" time="0.703"/>
  <system-out/>
  <testcase classname="rediff.testcases.StockManagement" name="modifyStock" time="21.495"/>
  <system-out/>
</testsuite> <!-- rediff.testcases.StockManagement -->
