<?xml version="1.0" encoding="UTF-8"?>
<!-- Generated by org.testng.reporters.JUnitReportReporter -->
<testsuite hostname="LAPTOP-8BDQGNTS" failures="0" tests="2" name="rediff.testcases.PortfolioManagement" time="55.022" errors="0" timestamp="2024-07-01T20:49:00 SGT" skipped="0">
  <testcase classname="rediff.testcases.PortfolioManagement" name="deletePortfolio" time="34.109"/>
  <system-out/>
  <testcase classname="rediff.testcases.PortfolioManagement" name="createPortfolio" time="20.913"/>
  <system-out/>
</testsuite> <!-- rediff.testcases.PortfolioManagement -->
