<?xml version="1.0" encoding="UTF-8"?>
<!-- Generated by org.testng.reporters.JUnitReportReporter -->
<testsuite hostname="LAPTOP-8BDQGNTS" failures="0" tests="2" name="rediff.testcases.Session" time="55.765" errors="0" timestamp="2024-07-01T20:49:00 SGT" skipped="0">
  <testcase classname="rediff.testcases.Session" name="doLogin" time="28.321"/>
  <system-out/>
  <testcase classname="rediff.testcases.Session" name="doLogin" time="27.444"/>
  <system-out/>
</testsuite> <!-- rediff.testcases.Session -->
